10:53:08 DEBUG : Logs will be stored at 'C:/Users/manno/Vitis/DPD_hardware/IDE.log'.
10:53:10 INFO  : Launching XSCT server: xsct.bat -n  -interactive C:\Users\manno\Vitis\DPD_hardware\temp_xsdb_launch_script.tcl
10:53:10 INFO  : Registering command handlers for Vitis TCF services
10:53:10 INFO  : Platform repository initialization has completed.
10:53:14 INFO  : XSCT server has started successfully.
10:53:14 INFO  : plnx-install-location is set to ''
10:53:17 INFO  : Successfully done setting XSCT server connection channel  
10:53:17 INFO  : Successfully done query RDI_DATADIR 
10:53:17 INFO  : Successfully done setting workspace for the tool. 
10:53:41 INFO  : Result from executing command 'getProjects': design_1_wrapper
10:53:41 INFO  : Result from executing command 'getPlatforms': xilinx_zcu102_base_202420_1|C:/Xilinx/Vitis/2024.2/base_platforms/xilinx_zcu102_base_202420_1/xilinx_zcu102_base_202420_1.xpfm;xilinx_zcu102_base_dfx_202420_1|C:/Xilinx/Vitis/2024.2/base_platforms/xilinx_zcu102_base_dfx_202420_1/xilinx_zcu102_base_dfx_202420_1.xpfm;xilinx_zcu104_base_202420_1|C:/Xilinx/Vitis/2024.2/base_platforms/xilinx_zcu104_base_202420_1/xilinx_zcu104_base_202420_1.xpfm
10:53:41 WARN  : An unexpected exception occurred in the module 'platform project logging'
10:53:42 INFO  : Platform 'design_1_wrapper' is added to custom repositories.
10:53:51 INFO  : Platform 'design_1_wrapper' is added to custom repositories.
10:54:22 ERROR : (XSDB Server)rm: cannot lstat `*.o': Invalid argument

10:54:22 ERROR : (XSDB Server)make: *** [Makefile:42: clean] Error 1

10:55:18 INFO  : Result from executing command 'getProjects': design_1_wrapper
10:55:18 INFO  : Result from executing command 'getPlatforms': design_1_wrapper|C:/Users/manno/Vitis/DPD_hardware/design_1_wrapper/export/design_1_wrapper/design_1_wrapper.xpfm;xilinx_zcu102_base_202420_1|C:/Xilinx/Vitis/2024.2/base_platforms/xilinx_zcu102_base_202420_1/xilinx_zcu102_base_202420_1.xpfm;xilinx_zcu102_base_dfx_202420_1|C:/Xilinx/Vitis/2024.2/base_platforms/xilinx_zcu102_base_dfx_202420_1/xilinx_zcu102_base_dfx_202420_1.xpfm;xilinx_zcu104_base_202420_1|C:/Xilinx/Vitis/2024.2/base_platforms/xilinx_zcu104_base_202420_1/xilinx_zcu104_base_202420_1.xpfm
10:55:18 INFO  : Checking for BSP changes to sync application flags for project 'DPD_hardware'...
10:55:18 INFO  : Updating application flags with new BSP settings...
10:55:18 INFO  : Successfully updated application flags for project DPD_hardware.
10:55:47 INFO  : Checking for BSP changes to sync application flags for project 'DPD_hardware'...
10:56:27 INFO  : Checking for BSP changes to sync application flags for project 'DPD_hardware'...
10:56:46 INFO  : Connected to target on host '127.0.0.1' and port '3121'.
10:56:47 INFO  : Jtag cable 'Avnet MiniZed V1 1234-oj1A' is selected.
10:56:47 INFO  : 'jtag frequency' command is executed.
10:56:47 INFO  : Context for 'APU' is selected.
10:56:47 INFO  : System reset is completed.
10:56:50 INFO  : 'after 3000' command is executed.
10:56:50 INFO  : 'targets -set -filter {jtag_cable_name =~ "Avnet MiniZed V1 1234-oj1A" && level==0 && jtag_device_ctx=="jsn-MiniZed V1-1234-oj1A-13723093-0"}' command is executed.
10:56:51 INFO  : Device configured successfully with "C:/Users/manno/Vitis/DPD_hardware/DPD_hardware/_ide/bitstream/design_1_wrapper.bit"
10:56:51 INFO  : Context for 'APU' is selected.
10:56:51 INFO  : Hardware design and registers information is loaded from 'C:/Users/manno/Vitis/DPD_hardware/design_1_wrapper/export/design_1_wrapper/hw/design_1_wrapper.xsa'.
10:56:51 INFO  : 'configparams force-mem-access 1' command is executed.
10:56:51 INFO  : Context for 'APU' is selected.
10:56:51 INFO  : Sourcing of 'C:/Users/manno/Vitis/DPD_hardware/DPD_hardware/_ide/psinit/ps7_init.tcl' is done.
10:56:51 INFO  : 'ps7_init' command is executed.
10:56:52 INFO  : 'ps7_post_config' command is executed.
10:56:52 INFO  : Context for processor 'ps7_cortexa9_0' is selected.
10:56:52 INFO  : The application 'C:/Users/manno/Vitis/DPD_hardware/DPD_hardware/Debug/DPD_hardware.elf' is downloaded to processor 'ps7_cortexa9_0'.
10:56:52 INFO  : 'configparams force-mem-access 0' command is executed.
10:56:52 INFO  : ----------------XSDB Script----------------
connect -url tcp:127.0.0.1:3121
targets -set -nocase -filter {name =~"APU*"}
rst -system
after 3000
targets -set -filter {jtag_cable_name =~ "Avnet MiniZed V1 1234-oj1A" && level==0 && jtag_device_ctx=="jsn-MiniZed V1-1234-oj1A-13723093-0"}
fpga -file C:/Users/manno/Vitis/DPD_hardware/DPD_hardware/_ide/bitstream/design_1_wrapper.bit
targets -set -nocase -filter {name =~"APU*"}
loadhw -hw C:/Users/manno/Vitis/DPD_hardware/design_1_wrapper/export/design_1_wrapper/hw/design_1_wrapper.xsa -mem-ranges [list {0x40000000 0xbfffffff}] -regs
configparams force-mem-access 1
targets -set -nocase -filter {name =~"APU*"}
source C:/Users/manno/Vitis/DPD_hardware/DPD_hardware/_ide/psinit/ps7_init.tcl
ps7_init
ps7_post_config
targets -set -nocase -filter {name =~ "*A9*#0"}
dow C:/Users/manno/Vitis/DPD_hardware/DPD_hardware/Debug/DPD_hardware.elf
configparams force-mem-access 0
----------------End of Script----------------

10:56:52 INFO  : Context for processor 'ps7_cortexa9_0' is selected.
10:56:52 INFO  : 'con' command is executed.
10:56:52 INFO  : ----------------XSDB Script (After Launch)----------------
targets -set -nocase -filter {name =~ "*A9*#0"}
con
----------------End of Script----------------

10:56:52 INFO  : Launch script is exported to file 'C:\Users\manno\Vitis\DPD_hardware\DPD_hardware_system\_ide\scripts\debugger_dpd_hardware-default.tcl'
11:05:48 INFO  : Checking for BSP changes to sync application flags for project 'DPD_hardware'...
11:05:58 INFO  : Disconnected from the channel tcfchan#3.
11:05:59 INFO  : Connected to target on host '127.0.0.1' and port '3121'.
11:05:59 INFO  : Jtag cable 'Avnet MiniZed V1 1234-oj1A' is selected.
11:05:59 ERROR : port closed
11:05:59 INFO  : ----------------XSDB Script----------------
connect -url tcp:127.0.0.1:3121
----------------End of Script----------------

11:05:59 ERROR : port closed
11:06:05 INFO  : Connected to target on host '127.0.0.1' and port '3121'.
11:06:05 INFO  : Jtag cable 'Avnet MiniZed V1 1234-oj1A' is selected.
11:06:05 INFO  : 'jtag frequency' command is executed.
11:06:05 INFO  : Context for 'APU' is selected.
11:06:05 INFO  : System reset is completed.
11:06:08 INFO  : 'after 3000' command is executed.
11:06:08 INFO  : 'targets -set -filter {jtag_cable_name =~ "Avnet MiniZed V1 1234-oj1A" && level==0 && jtag_device_ctx=="jsn-MiniZed V1-1234-oj1A-13723093-0"}' command is executed.
11:06:09 INFO  : Device configured successfully with "C:/Users/manno/Vitis/DPD_hardware/DPD_hardware/_ide/bitstream/design_1_wrapper.bit"
11:06:09 INFO  : Context for 'APU' is selected.
11:06:09 INFO  : Hardware design and registers information is loaded from 'C:/Users/manno/Vitis/DPD_hardware/design_1_wrapper/export/design_1_wrapper/hw/design_1_wrapper.xsa'.
11:06:09 INFO  : 'configparams force-mem-access 1' command is executed.
11:06:09 INFO  : Context for 'APU' is selected.
11:06:09 INFO  : Sourcing of 'C:/Users/manno/Vitis/DPD_hardware/DPD_hardware/_ide/psinit/ps7_init.tcl' is done.
11:06:09 INFO  : 'ps7_init' command is executed.
11:06:09 INFO  : 'ps7_post_config' command is executed.
11:06:09 INFO  : Context for processor 'ps7_cortexa9_0' is selected.
11:06:10 INFO  : The application 'C:/Users/manno/Vitis/DPD_hardware/DPD_hardware/Debug/DPD_hardware.elf' is downloaded to processor 'ps7_cortexa9_0'.
11:06:10 INFO  : 'configparams force-mem-access 0' command is executed.
11:06:10 INFO  : ----------------XSDB Script----------------
connect -url tcp:127.0.0.1:3121
targets -set -nocase -filter {name =~"APU*"}
rst -system
after 3000
targets -set -filter {jtag_cable_name =~ "Avnet MiniZed V1 1234-oj1A" && level==0 && jtag_device_ctx=="jsn-MiniZed V1-1234-oj1A-13723093-0"}
fpga -file C:/Users/manno/Vitis/DPD_hardware/DPD_hardware/_ide/bitstream/design_1_wrapper.bit
targets -set -nocase -filter {name =~"APU*"}
loadhw -hw C:/Users/manno/Vitis/DPD_hardware/design_1_wrapper/export/design_1_wrapper/hw/design_1_wrapper.xsa -mem-ranges [list {0x40000000 0xbfffffff}] -regs
configparams force-mem-access 1
targets -set -nocase -filter {name =~"APU*"}
source C:/Users/manno/Vitis/DPD_hardware/DPD_hardware/_ide/psinit/ps7_init.tcl
ps7_init
ps7_post_config
targets -set -nocase -filter {name =~ "*A9*#0"}
dow C:/Users/manno/Vitis/DPD_hardware/DPD_hardware/Debug/DPD_hardware.elf
configparams force-mem-access 0
----------------End of Script----------------

11:06:10 INFO  : Context for processor 'ps7_cortexa9_0' is selected.
11:06:10 INFO  : 'con' command is executed.
11:06:10 INFO  : ----------------XSDB Script (After Launch)----------------
targets -set -nocase -filter {name =~ "*A9*#0"}
con
----------------End of Script----------------

11:06:10 INFO  : Launch script is exported to file 'C:\Users\manno\Vitis\DPD_hardware\DPD_hardware_system\_ide\scripts\debugger_dpd_hardware-default.tcl'
11:07:19 INFO  : Checking for BSP changes to sync application flags for project 'DPD_hardware'...
11:07:25 INFO  : Checking for BSP changes to sync application flags for project 'DPD_hardware'...
11:07:39 INFO  : Disconnected from the channel tcfchan#5.
11:07:40 INFO  : Connected to target on host '127.0.0.1' and port '3121'.
11:07:40 INFO  : Jtag cable 'Avnet MiniZed V1 1234-oj1A' is selected.
11:07:40 INFO  : 'jtag frequency' command is executed.
11:07:40 INFO  : Context for 'APU' is selected.
11:07:40 INFO  : System reset is completed.
11:07:43 INFO  : 'after 3000' command is executed.
11:07:43 INFO  : 'targets -set -filter {jtag_cable_name =~ "Avnet MiniZed V1 1234-oj1A" && level==0 && jtag_device_ctx=="jsn-MiniZed V1-1234-oj1A-13723093-0"}' command is executed.
11:07:44 INFO  : Device configured successfully with "C:/Users/manno/Vitis/DPD_hardware/DPD_hardware/_ide/bitstream/design_1_wrapper.bit"
11:07:44 INFO  : Context for 'APU' is selected.
11:07:44 INFO  : Hardware design and registers information is loaded from 'C:/Users/manno/Vitis/DPD_hardware/design_1_wrapper/export/design_1_wrapper/hw/design_1_wrapper.xsa'.
11:07:44 INFO  : 'configparams force-mem-access 1' command is executed.
11:07:44 INFO  : Context for 'APU' is selected.
11:07:44 INFO  : Sourcing of 'C:/Users/manno/Vitis/DPD_hardware/DPD_hardware/_ide/psinit/ps7_init.tcl' is done.
11:07:45 INFO  : 'ps7_init' command is executed.
11:07:45 INFO  : 'ps7_post_config' command is executed.
11:07:45 INFO  : Context for processor 'ps7_cortexa9_0' is selected.
11:07:45 INFO  : The application 'C:/Users/manno/Vitis/DPD_hardware/DPD_hardware/Debug/DPD_hardware.elf' is downloaded to processor 'ps7_cortexa9_0'.
11:07:45 INFO  : 'configparams force-mem-access 0' command is executed.
11:07:45 INFO  : ----------------XSDB Script----------------
connect -url tcp:127.0.0.1:3121
targets -set -nocase -filter {name =~"APU*"}
rst -system
after 3000
targets -set -filter {jtag_cable_name =~ "Avnet MiniZed V1 1234-oj1A" && level==0 && jtag_device_ctx=="jsn-MiniZed V1-1234-oj1A-13723093-0"}
fpga -file C:/Users/manno/Vitis/DPD_hardware/DPD_hardware/_ide/bitstream/design_1_wrapper.bit
targets -set -nocase -filter {name =~"APU*"}
loadhw -hw C:/Users/manno/Vitis/DPD_hardware/design_1_wrapper/export/design_1_wrapper/hw/design_1_wrapper.xsa -mem-ranges [list {0x40000000 0xbfffffff}] -regs
configparams force-mem-access 1
targets -set -nocase -filter {name =~"APU*"}
source C:/Users/manno/Vitis/DPD_hardware/DPD_hardware/_ide/psinit/ps7_init.tcl
ps7_init
ps7_post_config
targets -set -nocase -filter {name =~ "*A9*#0"}
dow C:/Users/manno/Vitis/DPD_hardware/DPD_hardware/Debug/DPD_hardware.elf
configparams force-mem-access 0
----------------End of Script----------------

11:07:45 INFO  : Context for processor 'ps7_cortexa9_0' is selected.
11:07:45 INFO  : 'con' command is executed.
11:07:45 INFO  : ----------------XSDB Script (After Launch)----------------
targets -set -nocase -filter {name =~ "*A9*#0"}
con
----------------End of Script----------------

11:07:45 INFO  : Launch script is exported to file 'C:\Users\manno\Vitis\DPD_hardware\DPD_hardware_system\_ide\scripts\debugger_dpd_hardware-default.tcl'
11:10:46 INFO  : Checking for BSP changes to sync application flags for project 'DPD_hardware'...
11:10:59 INFO  : Disconnected from the channel tcfchan#7.
11:11:00 INFO  : Connected to target on host '127.0.0.1' and port '3121'.
11:11:00 INFO  : Jtag cable 'Avnet MiniZed V1 1234-oj1A' is selected.
11:11:00 ERROR : port closed
11:11:00 INFO  : ----------------XSDB Script----------------
connect -url tcp:127.0.0.1:3121
----------------End of Script----------------

11:11:00 ERROR : port closed
11:11:06 INFO  : Connected to target on host '127.0.0.1' and port '3121'.
11:11:06 INFO  : Jtag cable 'Avnet MiniZed V1 1234-oj1A' is selected.
11:11:06 INFO  : 'jtag frequency' command is executed.
11:11:06 INFO  : Context for 'APU' is selected.
11:11:07 INFO  : System reset is completed.
11:11:10 INFO  : 'after 3000' command is executed.
11:11:10 INFO  : 'targets -set -filter {jtag_cable_name =~ "Avnet MiniZed V1 1234-oj1A" && level==0 && jtag_device_ctx=="jsn-MiniZed V1-1234-oj1A-13723093-0"}' command is executed.
11:11:11 INFO  : Device configured successfully with "C:/Users/manno/Vitis/DPD_hardware/DPD_hardware/_ide/bitstream/design_1_wrapper.bit"
11:11:11 INFO  : Context for 'APU' is selected.
11:11:11 INFO  : Hardware design and registers information is loaded from 'C:/Users/manno/Vitis/DPD_hardware/design_1_wrapper/export/design_1_wrapper/hw/design_1_wrapper.xsa'.
11:11:11 INFO  : 'configparams force-mem-access 1' command is executed.
11:11:11 INFO  : Context for 'APU' is selected.
11:11:11 INFO  : Sourcing of 'C:/Users/manno/Vitis/DPD_hardware/DPD_hardware/_ide/psinit/ps7_init.tcl' is done.
11:11:11 INFO  : 'ps7_init' command is executed.
11:11:11 INFO  : 'ps7_post_config' command is executed.
11:11:11 INFO  : Context for processor 'ps7_cortexa9_0' is selected.
11:11:11 INFO  : The application 'C:/Users/manno/Vitis/DPD_hardware/DPD_hardware/Debug/DPD_hardware.elf' is downloaded to processor 'ps7_cortexa9_0'.
11:11:11 INFO  : 'configparams force-mem-access 0' command is executed.
11:11:11 INFO  : ----------------XSDB Script----------------
connect -url tcp:127.0.0.1:3121
targets -set -nocase -filter {name =~"APU*"}
rst -system
after 3000
targets -set -filter {jtag_cable_name =~ "Avnet MiniZed V1 1234-oj1A" && level==0 && jtag_device_ctx=="jsn-MiniZed V1-1234-oj1A-13723093-0"}
fpga -file C:/Users/manno/Vitis/DPD_hardware/DPD_hardware/_ide/bitstream/design_1_wrapper.bit
targets -set -nocase -filter {name =~"APU*"}
loadhw -hw C:/Users/manno/Vitis/DPD_hardware/design_1_wrapper/export/design_1_wrapper/hw/design_1_wrapper.xsa -mem-ranges [list {0x40000000 0xbfffffff}] -regs
configparams force-mem-access 1
targets -set -nocase -filter {name =~"APU*"}
source C:/Users/manno/Vitis/DPD_hardware/DPD_hardware/_ide/psinit/ps7_init.tcl
ps7_init
ps7_post_config
targets -set -nocase -filter {name =~ "*A9*#0"}
dow C:/Users/manno/Vitis/DPD_hardware/DPD_hardware/Debug/DPD_hardware.elf
configparams force-mem-access 0
----------------End of Script----------------

11:11:11 INFO  : Context for processor 'ps7_cortexa9_0' is selected.
11:11:11 INFO  : 'con' command is executed.
11:11:11 INFO  : ----------------XSDB Script (After Launch)----------------
targets -set -nocase -filter {name =~ "*A9*#0"}
con
----------------End of Script----------------

11:11:11 INFO  : Launch script is exported to file 'C:\Users\manno\Vitis\DPD_hardware\DPD_hardware_system\_ide\scripts\debugger_dpd_hardware-default.tcl'
11:14:37 INFO  : Checking for BSP changes to sync application flags for project 'DPD_hardware'...
11:14:49 INFO  : Disconnected from the channel tcfchan#9.
11:14:50 INFO  : Connected to target on host '127.0.0.1' and port '3121'.
11:14:50 INFO  : Jtag cable 'Avnet MiniZed V1 1234-oj1A' is selected.
11:14:50 INFO  : 'jtag frequency' command is executed.
11:14:51 INFO  : Context for 'APU' is selected.
11:14:51 INFO  : System reset is completed.
11:14:54 INFO  : 'after 3000' command is executed.
11:14:54 INFO  : 'targets -set -filter {jtag_cable_name =~ "Avnet MiniZed V1 1234-oj1A" && level==0 && jtag_device_ctx=="jsn-MiniZed V1-1234-oj1A-13723093-0"}' command is executed.
11:14:55 INFO  : Device configured successfully with "C:/Users/manno/Vitis/DPD_hardware/DPD_hardware/_ide/bitstream/design_1_wrapper.bit"
11:14:55 INFO  : Context for 'APU' is selected.
11:14:55 INFO  : Hardware design and registers information is loaded from 'C:/Users/manno/Vitis/DPD_hardware/design_1_wrapper/export/design_1_wrapper/hw/design_1_wrapper.xsa'.
11:14:55 INFO  : 'configparams force-mem-access 1' command is executed.
11:14:55 INFO  : Context for 'APU' is selected.
11:14:55 INFO  : Sourcing of 'C:/Users/manno/Vitis/DPD_hardware/DPD_hardware/_ide/psinit/ps7_init.tcl' is done.
11:14:56 INFO  : 'ps7_init' command is executed.
11:14:56 INFO  : 'ps7_post_config' command is executed.
11:14:56 INFO  : Context for processor 'ps7_cortexa9_0' is selected.
11:14:56 INFO  : The application 'C:/Users/manno/Vitis/DPD_hardware/DPD_hardware/Debug/DPD_hardware.elf' is downloaded to processor 'ps7_cortexa9_0'.
11:14:56 INFO  : 'configparams force-mem-access 0' command is executed.
11:14:56 INFO  : ----------------XSDB Script----------------
connect -url tcp:127.0.0.1:3121
targets -set -nocase -filter {name =~"APU*"}
rst -system
after 3000
targets -set -filter {jtag_cable_name =~ "Avnet MiniZed V1 1234-oj1A" && level==0 && jtag_device_ctx=="jsn-MiniZed V1-1234-oj1A-13723093-0"}
fpga -file C:/Users/manno/Vitis/DPD_hardware/DPD_hardware/_ide/bitstream/design_1_wrapper.bit
targets -set -nocase -filter {name =~"APU*"}
loadhw -hw C:/Users/manno/Vitis/DPD_hardware/design_1_wrapper/export/design_1_wrapper/hw/design_1_wrapper.xsa -mem-ranges [list {0x40000000 0xbfffffff}] -regs
configparams force-mem-access 1
targets -set -nocase -filter {name =~"APU*"}
source C:/Users/manno/Vitis/DPD_hardware/DPD_hardware/_ide/psinit/ps7_init.tcl
ps7_init
ps7_post_config
targets -set -nocase -filter {name =~ "*A9*#0"}
dow C:/Users/manno/Vitis/DPD_hardware/DPD_hardware/Debug/DPD_hardware.elf
configparams force-mem-access 0
----------------End of Script----------------

11:14:56 INFO  : Context for processor 'ps7_cortexa9_0' is selected.
11:14:56 INFO  : 'con' command is executed.
11:14:56 INFO  : ----------------XSDB Script (After Launch)----------------
targets -set -nocase -filter {name =~ "*A9*#0"}
con
----------------End of Script----------------

11:14:56 INFO  : Launch script is exported to file 'C:\Users\manno\Vitis\DPD_hardware\DPD_hardware_system\_ide\scripts\debugger_dpd_hardware-default.tcl'
11:22:06 INFO  : Checking for BSP changes to sync application flags for project 'DPD_hardware'...
11:22:18 INFO  : Disconnected from the channel tcfchan#11.
11:22:19 INFO  : Connected to target on host '127.0.0.1' and port '3121'.
11:22:19 INFO  : Jtag cable 'Avnet MiniZed V1 1234-oj1A' is selected.
11:22:19 INFO  : 'jtag frequency' command is executed.
11:22:19 INFO  : Context for 'APU' is selected.
11:22:19 INFO  : System reset is completed.
11:22:22 INFO  : 'after 3000' command is executed.
11:22:22 INFO  : 'targets -set -filter {jtag_cable_name =~ "Avnet MiniZed V1 1234-oj1A" && level==0 && jtag_device_ctx=="jsn-MiniZed V1-1234-oj1A-13723093-0"}' command is executed.
11:22:23 INFO  : Device configured successfully with "C:/Users/manno/Vitis/DPD_hardware/DPD_hardware/_ide/bitstream/design_1_wrapper.bit"
11:22:23 INFO  : Context for 'APU' is selected.
11:22:23 INFO  : Hardware design and registers information is loaded from 'C:/Users/manno/Vitis/DPD_hardware/design_1_wrapper/export/design_1_wrapper/hw/design_1_wrapper.xsa'.
11:22:23 INFO  : 'configparams force-mem-access 1' command is executed.
11:22:23 INFO  : Context for 'APU' is selected.
11:22:23 INFO  : Sourcing of 'C:/Users/manno/Vitis/DPD_hardware/DPD_hardware/_ide/psinit/ps7_init.tcl' is done.
11:22:24 INFO  : 'ps7_init' command is executed.
11:22:24 INFO  : 'ps7_post_config' command is executed.
11:22:24 INFO  : Context for processor 'ps7_cortexa9_0' is selected.
11:22:24 INFO  : The application 'C:/Users/manno/Vitis/DPD_hardware/DPD_hardware/Debug/DPD_hardware.elf' is downloaded to processor 'ps7_cortexa9_0'.
11:22:24 INFO  : 'configparams force-mem-access 0' command is executed.
11:22:24 INFO  : ----------------XSDB Script----------------
connect -url tcp:127.0.0.1:3121
targets -set -nocase -filter {name =~"APU*"}
rst -system
after 3000
targets -set -filter {jtag_cable_name =~ "Avnet MiniZed V1 1234-oj1A" && level==0 && jtag_device_ctx=="jsn-MiniZed V1-1234-oj1A-13723093-0"}
fpga -file C:/Users/manno/Vitis/DPD_hardware/DPD_hardware/_ide/bitstream/design_1_wrapper.bit
targets -set -nocase -filter {name =~"APU*"}
loadhw -hw C:/Users/manno/Vitis/DPD_hardware/design_1_wrapper/export/design_1_wrapper/hw/design_1_wrapper.xsa -mem-ranges [list {0x40000000 0xbfffffff}] -regs
configparams force-mem-access 1
targets -set -nocase -filter {name =~"APU*"}
source C:/Users/manno/Vitis/DPD_hardware/DPD_hardware/_ide/psinit/ps7_init.tcl
ps7_init
ps7_post_config
targets -set -nocase -filter {name =~ "*A9*#0"}
dow C:/Users/manno/Vitis/DPD_hardware/DPD_hardware/Debug/DPD_hardware.elf
configparams force-mem-access 0
----------------End of Script----------------

11:22:24 INFO  : Context for processor 'ps7_cortexa9_0' is selected.
11:22:24 INFO  : 'con' command is executed.
11:22:24 INFO  : ----------------XSDB Script (After Launch)----------------
targets -set -nocase -filter {name =~ "*A9*#0"}
con
----------------End of Script----------------

11:22:24 INFO  : Launch script is exported to file 'C:\Users\manno\Vitis\DPD_hardware\DPD_hardware_system\_ide\scripts\debugger_dpd_hardware-default.tcl'
11:23:51 INFO  : Checking for BSP changes to sync application flags for project 'DPD_hardware'...
11:24:03 INFO  : Disconnected from the channel tcfchan#13.
11:24:04 INFO  : Connected to target on host '127.0.0.1' and port '3121'.
11:24:04 INFO  : Jtag cable 'Avnet MiniZed V1 1234-oj1A' is selected.
11:24:04 INFO  : 'jtag frequency' command is executed.
11:24:07 INFO  : Context for 'APU' is selected.
11:24:07 INFO  : System reset is completed.
11:24:10 INFO  : 'after 3000' command is executed.
11:24:10 INFO  : 'targets -set -filter {jtag_cable_name =~ "Avnet MiniZed V1 1234-oj1A" && level==0 && jtag_device_ctx=="jsn-MiniZed V1-1234-oj1A-13723093-0"}' command is executed.
11:24:11 INFO  : Device configured successfully with "C:/Users/manno/Vitis/DPD_hardware/DPD_hardware/_ide/bitstream/design_1_wrapper.bit"
11:24:11 INFO  : Context for 'APU' is selected.
11:24:11 INFO  : Hardware design and registers information is loaded from 'C:/Users/manno/Vitis/DPD_hardware/design_1_wrapper/export/design_1_wrapper/hw/design_1_wrapper.xsa'.
11:24:11 INFO  : 'configparams force-mem-access 1' command is executed.
11:24:11 INFO  : Context for 'APU' is selected.
11:24:11 INFO  : Sourcing of 'C:/Users/manno/Vitis/DPD_hardware/DPD_hardware/_ide/psinit/ps7_init.tcl' is done.
11:24:12 INFO  : 'ps7_init' command is executed.
11:24:12 INFO  : 'ps7_post_config' command is executed.
11:24:12 INFO  : Context for processor 'ps7_cortexa9_0' is selected.
11:24:12 INFO  : The application 'C:/Users/manno/Vitis/DPD_hardware/DPD_hardware/Debug/DPD_hardware.elf' is downloaded to processor 'ps7_cortexa9_0'.
11:24:12 INFO  : 'configparams force-mem-access 0' command is executed.
11:24:12 INFO  : ----------------XSDB Script----------------
connect -url tcp:127.0.0.1:3121
targets -set -nocase -filter {name =~"APU*"}
rst -system
after 3000
targets -set -filter {jtag_cable_name =~ "Avnet MiniZed V1 1234-oj1A" && level==0 && jtag_device_ctx=="jsn-MiniZed V1-1234-oj1A-13723093-0"}
fpga -file C:/Users/manno/Vitis/DPD_hardware/DPD_hardware/_ide/bitstream/design_1_wrapper.bit
targets -set -nocase -filter {name =~"APU*"}
loadhw -hw C:/Users/manno/Vitis/DPD_hardware/design_1_wrapper/export/design_1_wrapper/hw/design_1_wrapper.xsa -mem-ranges [list {0x40000000 0xbfffffff}] -regs
configparams force-mem-access 1
targets -set -nocase -filter {name =~"APU*"}
source C:/Users/manno/Vitis/DPD_hardware/DPD_hardware/_ide/psinit/ps7_init.tcl
ps7_init
ps7_post_config
targets -set -nocase -filter {name =~ "*A9*#0"}
dow C:/Users/manno/Vitis/DPD_hardware/DPD_hardware/Debug/DPD_hardware.elf
configparams force-mem-access 0
----------------End of Script----------------

11:24:12 INFO  : Context for processor 'ps7_cortexa9_0' is selected.
11:24:12 INFO  : 'con' command is executed.
11:24:12 INFO  : ----------------XSDB Script (After Launch)----------------
targets -set -nocase -filter {name =~ "*A9*#0"}
con
----------------End of Script----------------

11:24:12 INFO  : Launch script is exported to file 'C:\Users\manno\Vitis\DPD_hardware\DPD_hardware_system\_ide\scripts\debugger_dpd_hardware-default.tcl'
11:26:40 INFO  : Checking for BSP changes to sync application flags for project 'DPD_hardware'...
11:26:53 INFO  : Disconnected from the channel tcfchan#15.
11:26:54 INFO  : Connected to target on host '127.0.0.1' and port '3121'.
11:26:54 INFO  : Jtag cable 'Avnet MiniZed V1 1234-oj1A' is selected.
11:26:54 INFO  : 'jtag frequency' command is executed.
11:26:54 INFO  : Context for 'APU' is selected.
11:26:54 INFO  : System reset is completed.
11:26:57 INFO  : 'after 3000' command is executed.
11:26:57 INFO  : 'targets -set -filter {jtag_cable_name =~ "Avnet MiniZed V1 1234-oj1A" && level==0 && jtag_device_ctx=="jsn-MiniZed V1-1234-oj1A-13723093-0"}' command is executed.
11:26:58 INFO  : Device configured successfully with "C:/Users/manno/Vitis/DPD_hardware/DPD_hardware/_ide/bitstream/design_1_wrapper.bit"
11:26:58 INFO  : Context for 'APU' is selected.
11:26:58 INFO  : Hardware design and registers information is loaded from 'C:/Users/manno/Vitis/DPD_hardware/design_1_wrapper/export/design_1_wrapper/hw/design_1_wrapper.xsa'.
11:26:58 INFO  : 'configparams force-mem-access 1' command is executed.
11:26:58 INFO  : Context for 'APU' is selected.
11:26:58 INFO  : Sourcing of 'C:/Users/manno/Vitis/DPD_hardware/DPD_hardware/_ide/psinit/ps7_init.tcl' is done.
11:26:59 INFO  : 'ps7_init' command is executed.
11:26:59 INFO  : 'ps7_post_config' command is executed.
11:26:59 INFO  : Context for processor 'ps7_cortexa9_0' is selected.
11:26:59 INFO  : The application 'C:/Users/manno/Vitis/DPD_hardware/DPD_hardware/Debug/DPD_hardware.elf' is downloaded to processor 'ps7_cortexa9_0'.
11:26:59 INFO  : 'configparams force-mem-access 0' command is executed.
11:26:59 INFO  : ----------------XSDB Script----------------
connect -url tcp:127.0.0.1:3121
targets -set -nocase -filter {name =~"APU*"}
rst -system
after 3000
targets -set -filter {jtag_cable_name =~ "Avnet MiniZed V1 1234-oj1A" && level==0 && jtag_device_ctx=="jsn-MiniZed V1-1234-oj1A-13723093-0"}
fpga -file C:/Users/manno/Vitis/DPD_hardware/DPD_hardware/_ide/bitstream/design_1_wrapper.bit
targets -set -nocase -filter {name =~"APU*"}
loadhw -hw C:/Users/manno/Vitis/DPD_hardware/design_1_wrapper/export/design_1_wrapper/hw/design_1_wrapper.xsa -mem-ranges [list {0x40000000 0xbfffffff}] -regs
configparams force-mem-access 1
targets -set -nocase -filter {name =~"APU*"}
source C:/Users/manno/Vitis/DPD_hardware/DPD_hardware/_ide/psinit/ps7_init.tcl
ps7_init
ps7_post_config
targets -set -nocase -filter {name =~ "*A9*#0"}
dow C:/Users/manno/Vitis/DPD_hardware/DPD_hardware/Debug/DPD_hardware.elf
configparams force-mem-access 0
----------------End of Script----------------

11:26:59 INFO  : Context for processor 'ps7_cortexa9_0' is selected.
11:26:59 INFO  : 'con' command is executed.
11:26:59 INFO  : ----------------XSDB Script (After Launch)----------------
targets -set -nocase -filter {name =~ "*A9*#0"}
con
----------------End of Script----------------

11:26:59 INFO  : Launch script is exported to file 'C:\Users\manno\Vitis\DPD_hardware\DPD_hardware_system\_ide\scripts\debugger_dpd_hardware-default.tcl'
11:27:37 INFO  : Checking for BSP changes to sync application flags for project 'DPD_hardware'...
11:27:46 INFO  : Disconnected from the channel tcfchan#17.
11:27:47 INFO  : Connected to target on host '127.0.0.1' and port '3121'.
11:27:47 INFO  : Jtag cable 'Avnet MiniZed V1 1234-oj1A' is selected.
11:27:47 INFO  : 'jtag frequency' command is executed.
11:27:47 INFO  : Context for 'APU' is selected.
11:27:47 INFO  : System reset is completed.
11:27:50 INFO  : 'after 3000' command is executed.
11:27:50 INFO  : 'targets -set -filter {jtag_cable_name =~ "Avnet MiniZed V1 1234-oj1A" && level==0 && jtag_device_ctx=="jsn-MiniZed V1-1234-oj1A-13723093-0"}' command is executed.
11:27:51 INFO  : Device configured successfully with "C:/Users/manno/Vitis/DPD_hardware/DPD_hardware/_ide/bitstream/design_1_wrapper.bit"
11:27:51 INFO  : Context for 'APU' is selected.
11:27:51 INFO  : Hardware design and registers information is loaded from 'C:/Users/manno/Vitis/DPD_hardware/design_1_wrapper/export/design_1_wrapper/hw/design_1_wrapper.xsa'.
11:27:51 INFO  : 'configparams force-mem-access 1' command is executed.
11:27:51 INFO  : Context for 'APU' is selected.
11:27:51 INFO  : Sourcing of 'C:/Users/manno/Vitis/DPD_hardware/DPD_hardware/_ide/psinit/ps7_init.tcl' is done.
11:27:52 INFO  : 'ps7_init' command is executed.
11:27:52 INFO  : 'ps7_post_config' command is executed.
11:27:52 INFO  : Context for processor 'ps7_cortexa9_0' is selected.
11:27:52 INFO  : The application 'C:/Users/manno/Vitis/DPD_hardware/DPD_hardware/Debug/DPD_hardware.elf' is downloaded to processor 'ps7_cortexa9_0'.
11:27:52 INFO  : 'configparams force-mem-access 0' command is executed.
11:27:52 INFO  : ----------------XSDB Script----------------
connect -url tcp:127.0.0.1:3121
targets -set -nocase -filter {name =~"APU*"}
rst -system
after 3000
targets -set -filter {jtag_cable_name =~ "Avnet MiniZed V1 1234-oj1A" && level==0 && jtag_device_ctx=="jsn-MiniZed V1-1234-oj1A-13723093-0"}
fpga -file C:/Users/manno/Vitis/DPD_hardware/DPD_hardware/_ide/bitstream/design_1_wrapper.bit
targets -set -nocase -filter {name =~"APU*"}
loadhw -hw C:/Users/manno/Vitis/DPD_hardware/design_1_wrapper/export/design_1_wrapper/hw/design_1_wrapper.xsa -mem-ranges [list {0x40000000 0xbfffffff}] -regs
configparams force-mem-access 1
targets -set -nocase -filter {name =~"APU*"}
source C:/Users/manno/Vitis/DPD_hardware/DPD_hardware/_ide/psinit/ps7_init.tcl
ps7_init
ps7_post_config
targets -set -nocase -filter {name =~ "*A9*#0"}
dow C:/Users/manno/Vitis/DPD_hardware/DPD_hardware/Debug/DPD_hardware.elf
configparams force-mem-access 0
----------------End of Script----------------

11:27:52 INFO  : Context for processor 'ps7_cortexa9_0' is selected.
11:27:52 INFO  : 'con' command is executed.
11:27:52 INFO  : ----------------XSDB Script (After Launch)----------------
targets -set -nocase -filter {name =~ "*A9*#0"}
con
----------------End of Script----------------

11:27:52 INFO  : Launch script is exported to file 'C:\Users\manno\Vitis\DPD_hardware\DPD_hardware_system\_ide\scripts\debugger_dpd_hardware-default.tcl'
11:54:32 INFO  : Checking for BSP changes to sync application flags for project 'DPD_hardware'...
11:54:47 INFO  : Disconnected from the channel tcfchan#19.
11:54:48 INFO  : Connected to target on host '127.0.0.1' and port '3121'.
11:54:48 INFO  : Jtag cable 'Avnet MiniZed V1 1234-oj1A' is selected.
11:54:48 INFO  : 'jtag frequency' command is executed.
11:54:48 INFO  : Context for 'APU' is selected.
11:54:48 INFO  : System reset is completed.
11:54:51 INFO  : 'after 3000' command is executed.
11:54:51 INFO  : 'targets -set -filter {jtag_cable_name =~ "Avnet MiniZed V1 1234-oj1A" && level==0 && jtag_device_ctx=="jsn-MiniZed V1-1234-oj1A-13723093-0"}' command is executed.
11:54:52 INFO  : Device configured successfully with "C:/Users/manno/Vitis/DPD_hardware/DPD_hardware/_ide/bitstream/design_1_wrapper.bit"
11:54:52 INFO  : Context for 'APU' is selected.
11:54:52 INFO  : Hardware design and registers information is loaded from 'C:/Users/manno/Vitis/DPD_hardware/design_1_wrapper/export/design_1_wrapper/hw/design_1_wrapper.xsa'.
11:54:52 INFO  : 'configparams force-mem-access 1' command is executed.
11:54:52 INFO  : Context for 'APU' is selected.
11:54:52 INFO  : Sourcing of 'C:/Users/manno/Vitis/DPD_hardware/DPD_hardware/_ide/psinit/ps7_init.tcl' is done.
11:54:53 INFO  : 'ps7_init' command is executed.
11:54:53 INFO  : 'ps7_post_config' command is executed.
11:54:53 INFO  : Context for processor 'ps7_cortexa9_0' is selected.
11:54:53 INFO  : The application 'C:/Users/manno/Vitis/DPD_hardware/DPD_hardware/Debug/DPD_hardware.elf' is downloaded to processor 'ps7_cortexa9_0'.
11:54:53 INFO  : 'configparams force-mem-access 0' command is executed.
11:54:53 INFO  : ----------------XSDB Script----------------
connect -url tcp:127.0.0.1:3121
targets -set -nocase -filter {name =~"APU*"}
rst -system
after 3000
targets -set -filter {jtag_cable_name =~ "Avnet MiniZed V1 1234-oj1A" && level==0 && jtag_device_ctx=="jsn-MiniZed V1-1234-oj1A-13723093-0"}
fpga -file C:/Users/manno/Vitis/DPD_hardware/DPD_hardware/_ide/bitstream/design_1_wrapper.bit
targets -set -nocase -filter {name =~"APU*"}
loadhw -hw C:/Users/manno/Vitis/DPD_hardware/design_1_wrapper/export/design_1_wrapper/hw/design_1_wrapper.xsa -mem-ranges [list {0x40000000 0xbfffffff}] -regs
configparams force-mem-access 1
targets -set -nocase -filter {name =~"APU*"}
source C:/Users/manno/Vitis/DPD_hardware/DPD_hardware/_ide/psinit/ps7_init.tcl
ps7_init
ps7_post_config
targets -set -nocase -filter {name =~ "*A9*#0"}
dow C:/Users/manno/Vitis/DPD_hardware/DPD_hardware/Debug/DPD_hardware.elf
configparams force-mem-access 0
----------------End of Script----------------

11:54:53 INFO  : Context for processor 'ps7_cortexa9_0' is selected.
11:54:53 INFO  : 'con' command is executed.
11:54:53 INFO  : ----------------XSDB Script (After Launch)----------------
targets -set -nocase -filter {name =~ "*A9*#0"}
con
----------------End of Script----------------

11:54:53 INFO  : Launch script is exported to file 'C:\Users\manno\Vitis\DPD_hardware\DPD_hardware_system\_ide\scripts\debugger_dpd_hardware-default.tcl'
11:57:06 INFO  : Checking for BSP changes to sync application flags for project 'DPD_hardware'...
11:57:20 INFO  : Disconnected from the channel tcfchan#21.
11:57:21 INFO  : Connected to target on host '127.0.0.1' and port '3121'.
11:57:21 INFO  : Jtag cable 'Avnet MiniZed V1 1234-oj1A' is selected.
11:57:21 INFO  : 'jtag frequency' command is executed.
11:57:24 INFO  : Context for 'APU' is selected.
11:57:24 INFO  : System reset is completed.
11:57:27 INFO  : 'after 3000' command is executed.
11:57:27 INFO  : 'targets -set -filter {jtag_cable_name =~ "Avnet MiniZed V1 1234-oj1A" && level==0 && jtag_device_ctx=="jsn-MiniZed V1-1234-oj1A-13723093-0"}' command is executed.
11:57:28 INFO  : Device configured successfully with "C:/Users/manno/Vitis/DPD_hardware/DPD_hardware/_ide/bitstream/design_1_wrapper.bit"
11:57:28 INFO  : Context for 'APU' is selected.
11:57:28 INFO  : Hardware design and registers information is loaded from 'C:/Users/manno/Vitis/DPD_hardware/design_1_wrapper/export/design_1_wrapper/hw/design_1_wrapper.xsa'.
11:57:28 INFO  : 'configparams force-mem-access 1' command is executed.
11:57:29 INFO  : Context for 'APU' is selected.
11:57:29 INFO  : Sourcing of 'C:/Users/manno/Vitis/DPD_hardware/DPD_hardware/_ide/psinit/ps7_init.tcl' is done.
11:57:29 INFO  : 'ps7_init' command is executed.
11:57:29 INFO  : 'ps7_post_config' command is executed.
11:57:29 INFO  : Context for processor 'ps7_cortexa9_0' is selected.
11:57:29 INFO  : The application 'C:/Users/manno/Vitis/DPD_hardware/DPD_hardware/Debug/DPD_hardware.elf' is downloaded to processor 'ps7_cortexa9_0'.
11:57:29 INFO  : 'configparams force-mem-access 0' command is executed.
11:57:29 INFO  : ----------------XSDB Script----------------
connect -url tcp:127.0.0.1:3121
targets -set -nocase -filter {name =~"APU*"}
rst -system
after 3000
targets -set -filter {jtag_cable_name =~ "Avnet MiniZed V1 1234-oj1A" && level==0 && jtag_device_ctx=="jsn-MiniZed V1-1234-oj1A-13723093-0"}
fpga -file C:/Users/manno/Vitis/DPD_hardware/DPD_hardware/_ide/bitstream/design_1_wrapper.bit
targets -set -nocase -filter {name =~"APU*"}
loadhw -hw C:/Users/manno/Vitis/DPD_hardware/design_1_wrapper/export/design_1_wrapper/hw/design_1_wrapper.xsa -mem-ranges [list {0x40000000 0xbfffffff}] -regs
configparams force-mem-access 1
targets -set -nocase -filter {name =~"APU*"}
source C:/Users/manno/Vitis/DPD_hardware/DPD_hardware/_ide/psinit/ps7_init.tcl
ps7_init
ps7_post_config
targets -set -nocase -filter {name =~ "*A9*#0"}
dow C:/Users/manno/Vitis/DPD_hardware/DPD_hardware/Debug/DPD_hardware.elf
configparams force-mem-access 0
----------------End of Script----------------

11:57:29 INFO  : Context for processor 'ps7_cortexa9_0' is selected.
11:57:29 INFO  : 'con' command is executed.
11:57:29 INFO  : ----------------XSDB Script (After Launch)----------------
targets -set -nocase -filter {name =~ "*A9*#0"}
con
----------------End of Script----------------

11:57:29 INFO  : Launch script is exported to file 'C:\Users\manno\Vitis\DPD_hardware\DPD_hardware_system\_ide\scripts\debugger_dpd_hardware-default.tcl'
16:01:21 INFO  : Disconnected from the channel tcfchan#23.
16:01:22 INFO  : Connected to target on host '127.0.0.1' and port '3121'.
16:01:31 INFO  : ----------------XSDB Script----------------
connect -url tcp:127.0.0.1:3121
----------------End of Script----------------

16:01:31 ERROR : Could not find Jtag device on the board for connection 'Local'.


Troubleshooting hints:
1. Check whether board is connected to system properly.
2. In case of zynq board, check whether Digilent/Xilinx cable switch settings are correct.
3. If you are using Xilinx Platform Cable USB, ensure that status LED is green.
16:01:52 INFO  : Checking for BSP changes to sync application flags for project 'DPD_hardware'...
16:02:05 INFO  : Connected to target on host '127.0.0.1' and port '3121'.
16:02:06 INFO  : Jtag cable 'Avnet MiniZed V1 1234-oj1A' is selected.
16:02:06 INFO  : 'jtag frequency' command is executed.
16:02:06 INFO  : Context for 'APU' is selected.
16:02:06 INFO  : System reset is completed.
16:02:09 INFO  : 'after 3000' command is executed.
16:02:09 INFO  : 'targets -set -filter {jtag_cable_name =~ "Avnet MiniZed V1 1234-oj1A" && level==0 && jtag_device_ctx=="jsn-MiniZed V1-1234-oj1A-13723093-0"}' command is executed.
16:02:10 INFO  : Device configured successfully with "C:/Users/manno/Vitis/DPD_hardware/DPD_hardware/_ide/bitstream/design_1_wrapper.bit"
16:02:10 INFO  : Context for 'APU' is selected.
16:02:10 INFO  : Hardware design and registers information is loaded from 'C:/Users/manno/Vitis/DPD_hardware/design_1_wrapper/export/design_1_wrapper/hw/design_1_wrapper.xsa'.
16:02:10 INFO  : 'configparams force-mem-access 1' command is executed.
16:02:10 INFO  : Context for 'APU' is selected.
16:02:10 INFO  : Sourcing of 'C:/Users/manno/Vitis/DPD_hardware/DPD_hardware/_ide/psinit/ps7_init.tcl' is done.
16:02:10 INFO  : 'ps7_init' command is executed.
16:02:10 INFO  : 'ps7_post_config' command is executed.
16:02:10 INFO  : Context for processor 'ps7_cortexa9_0' is selected.
16:02:10 INFO  : The application 'C:/Users/manno/Vitis/DPD_hardware/DPD_hardware/Debug/DPD_hardware.elf' is downloaded to processor 'ps7_cortexa9_0'.
16:02:10 INFO  : 'configparams force-mem-access 0' command is executed.
16:02:10 INFO  : ----------------XSDB Script----------------
connect -url tcp:127.0.0.1:3121
targets -set -nocase -filter {name =~"APU*"}
rst -system
after 3000
targets -set -filter {jtag_cable_name =~ "Avnet MiniZed V1 1234-oj1A" && level==0 && jtag_device_ctx=="jsn-MiniZed V1-1234-oj1A-13723093-0"}
fpga -file C:/Users/manno/Vitis/DPD_hardware/DPD_hardware/_ide/bitstream/design_1_wrapper.bit
targets -set -nocase -filter {name =~"APU*"}
loadhw -hw C:/Users/manno/Vitis/DPD_hardware/design_1_wrapper/export/design_1_wrapper/hw/design_1_wrapper.xsa -mem-ranges [list {0x40000000 0xbfffffff}] -regs
configparams force-mem-access 1
targets -set -nocase -filter {name =~"APU*"}
source C:/Users/manno/Vitis/DPD_hardware/DPD_hardware/_ide/psinit/ps7_init.tcl
ps7_init
ps7_post_config
targets -set -nocase -filter {name =~ "*A9*#0"}
dow C:/Users/manno/Vitis/DPD_hardware/DPD_hardware/Debug/DPD_hardware.elf
configparams force-mem-access 0
----------------End of Script----------------

16:02:11 INFO  : Context for processor 'ps7_cortexa9_0' is selected.
16:02:11 INFO  : 'con' command is executed.
16:02:11 INFO  : ----------------XSDB Script (After Launch)----------------
targets -set -nocase -filter {name =~ "*A9*#0"}
con
----------------End of Script----------------

16:02:11 INFO  : Launch script is exported to file 'C:\Users\manno\Vitis\DPD_hardware\DPD_hardware_system\_ide\scripts\debugger_dpd_hardware-default.tcl'
